<?xml version="1.0" encoding="UTF-8"?>
<!-- Generated by org.testng.reporters.JUnitXMLReporter -->
<testsuite hostname="Lenovo" ignored="3" name="SomeFeature" tests="6" failures="0" timestamp="05 Aug 2018 06:13:09 GMT" time="43.686" errors="0">
  <testcase name="checkLogin_email" time="10.836" classname="QAITraining.Flipkart.Login"/>
  <testcase name="serachItem" time="3.545" classname="QAITraining.Flipkart.selectItem"/>
  <testcase name="itemPageOpen" time="9.068" classname="QAITraining.Flipkart.selectItem"/>
  <testcase name="addtoCart" time="1.345" classname="QAITraining.Flipkart.checkOut"/>
  <testcase name="orderSummaryPage" time="7.119" classname="QAITraining.Flipkart.checkOut"/>
  <testcase name="orderPayment" time="11.492" classname="QAITraining.Flipkart.checkOut"/>
  <testcase name="resgisterUser" time="0.0" classname="QAITraining.Flipkart.Login">
    <ignored/>
  </testcase> <!-- resgisterUser -->
  <testcase name="registerNewUser" time="0.0" classname="QAITraining.Flipkart.Login">
    <ignored/>
  </testcase> <!-- registerNewUser -->
  <testcase name="registerUserAlreadyExist" time="0.0" classname="QAITraining.Flipkart.Login">
    <ignored/>
  </testcase> <!-- registerUserAlreadyExist -->
</testsuite> <!-- SomeFeature -->
