<?xml version="1.0" encoding="UTF-8"?>
<!-- Generated by org.testng.reporters.JUnitXMLReporter -->
<testsuite hostname="Lenovo" ignored="0" name="Default test" tests="4" failures="0" timestamp="05 Aug 2018 05:44:01 GMT" time="26.371" errors="0">
  <testcase name="resgisterUser" time="2.814" classname="QAITraining.Flipkart.Login"/>
  <testcase name="registerUserAlreadyExist" time="2.541" classname="QAITraining.Flipkart.Login"/>
  <testcase name="registerNewUser" time="1.341" classname="QAITraining.Flipkart.Login"/>
  <testcase name="checkLogin_email" time="17.274" classname="QAITraining.Flipkart.Login"/>
</testsuite> <!-- Default test -->
