<?xml version="1.0" encoding="UTF-8"?>
<testng-results skipped="0" failed="0" ignored="0" total="1" passed="1">
  <reporter-output>
  </reporter-output>
  <suite name="Suite" duration-ms="65" started-at="2018-08-02T08:09:30Z" finished-at="2018-08-02T08:09:30Z">
    <groups>
    </groups>
    <test name="Test" duration-ms="65" started-at="2018-08-02T08:09:30Z" finished-at="2018-08-02T08:09:30Z">
      <class name="FlipKart.login.AppTest">
        <test-method status="PASS" signature="testApp()[pri:0, instance:FlipKart.login.AppTest@6a2bcfcb]" name="testApp" duration-ms="25" started-at="2018-08-02T13:39:30Z" finished-at="2018-08-02T13:39:30Z">
          <reporter-output>
          </reporter-output>
        </test-method> <!-- testApp -->
      </class> <!-- FlipKart.login.AppTest -->
    </test> <!-- Test -->
  </suite> <!-- Suite -->
</testng-results>
